Построение начато 02.07.2023 16:56:45.
     1>Проект "D:\dz\practice\Myproject\Myproject\Myproject.vcxproj" в узле 2 (целевые объекты build).
     1>InitializeBuildStatus:
         Создание "Debug\Myproject.unsuccessfulbuild", так как было задано "AlwaysCreate".
       ClCompile:
         D:\Program Files (x86)\Microsoft Visual Studio 2010\VC\bin\CL.exe /c /ZI /nologo /W3 /WX- /Od /Oy- /D WIN32 /D _DEBUG /D _CONSOLE /D _UNICODE /D UNICODE /Gm /EHsc /RTC1 /MDd /GS /fp:precise /Zc:wchar_t /Zc:forScope /Fo"Debug\\" /Fd"Debug\vc100.pdb" /Gd /TP /analyze- /errorReport:prompt first.cpp
         first.cpp
     1>d:\dz\practice\myproject\myproject\first.cpp(10): warning C4244: аргумент: преобразование "time_t" в "unsigned int", возможна потеря данных
     1>d:\dz\practice\myproject\myproject\first.cpp(15): warning C4996: 'scanf': This function or variable may be unsafe. Consider using scanf_s instead. To disable deprecation, use _CRT_SECURE_NO_WARNINGS. See online help for details.
                 d:\program files (x86)\microsoft visual studio 2010\vc\include\stdio.h(304): см. объявление "scanf"
     1>d:\dz\practice\myproject\myproject\first.cpp(18): warning C4996: 'fopen': This function or variable may be unsafe. Consider using fopen_s instead. To disable deprecation, use _CRT_SECURE_NO_WARNINGS. See online help for details.
                 d:\program files (x86)\microsoft visual studio 2010\vc\include\stdio.h(234): см. объявление "fopen"
     1>d:\dz\practice\myproject\myproject\first.cpp(11): warning C4101: output: неиспользованная локальная переменная
       ManifestResourceCompile:
         Для всех выходных данных обновления не требуется.
       Link:
         D:\Program Files (x86)\Microsoft Visual Studio 2010\VC\bin\link.exe /ERRORREPORT:PROMPT /OUT:"D:\dz\practice\Myproject\Debug\Myproject.exe" /INCREMENTAL /NOLOGO kernel32.lib user32.lib gdi32.lib winspool.lib comdlg32.lib advapi32.lib shell32.lib ole32.lib oleaut32.lib uuid.lib odbc32.lib odbccp32.lib /MANIFEST /ManifestFile:"Debug\Myproject.exe.intermediate.manifest" /MANIFESTUAC:"level='asInvoker' uiAccess='false'" /DEBUG /PDB:"D:\dz\practice\Myproject\Debug\Myproject.pdb" /SUBSYSTEM:CONSOLE /TLBID:1 /DYNAMICBASE /NXCOMPAT /IMPLIB:"D:\dz\practice\Myproject\Debug\Myproject.lib" /MACHINE:X86 Debug\Myproject.exe.embed.manifest.res
         Debug\first.obj
       Manifest:
         c:\Program Files (x86)\Microsoft SDKs\Windows\v7.0A\bin\mt.exe /nologo /verbose /out:"Debug\Myproject.exe.embed.manifest" /manifest Debug\Myproject.exe.intermediate.manifest
         Для всех выходных данных обновления не требуется.
       LinkEmbedManifest:
         Для всех выходных данных обновления не требуется.
         Myproject.vcxproj -> D:\dz\practice\Myproject\Debug\Myproject.exe
       FinalizeBuildStatus:
         Файл "Debug\Myproject.unsuccessfulbuild" удаляется.
         Обращение к "Debug\Myproject.lastbuildstate".
     1>Построение проекта "D:\dz\practice\Myproject\Myproject\Myproject.vcxproj" завершено (целевые объекты build).

Построение успешно завершено.

Затраченное время: 00:00:01.67
